<html>
<head>
<title>TestNG:  Tests</title>
<link href="../testng.css" rel="stylesheet" type="text/css" />
<link href="../my-testng.css" rel="stylesheet" type="text/css" />

<style type="text/css">
.log { display: none;} 
.stack-trace { display: none;} 
</style>
<script type="text/javascript">
<!--
function flip(e) {
  current = e.style.display;
  if (current == 'block') {
    e.style.display = 'none';
    return 0;
  }
  else {
    e.style.display = 'block';
    return 1;
  }
}

function toggleBox(szDivId, elem, msg1, msg2)
{
  var res = -1;  if (document.getElementById) {
    res = flip(document.getElementById(szDivId));
  }
  else if (document.all) {
    // this is the way old msie versions work
    res = flip(document.all[szDivId]);
  }
  if(elem) {
    if(res == 0) elem.innerHTML = msg1; else elem.innerHTML = msg2;
  }

}

function toggleAllBoxes() {
  if (document.getElementsByTagName) {
    d = document.getElementsByTagName('div');
    for (i = 0; i < d.length; i++) {
      if (d[i].className == 'log') {
        flip(d[i]);
      }
    }
  }
}

// -->
</script>

</head>
<body>
<h2 align='center'>Tests</h2><table border='1' align="center">
<tr>
<td>Tests passed/Failed/Skipped:</td><td>3/2/0</td>
</tr><tr>
<td>Started on:</td><td>Sun Jul 09 00:35:50 KRAT 2023</td>
</tr>
<tr><td>Total time:</td><td>65 seconds (65380 ms)</td>
</tr><tr>
<td>Included groups:</td><td></td>
</tr><tr>
<td>Excluded groups:</td><td></td>
</tr>
</table><p/>
<small><i>(Hover the method name to see the test class name)</i></small><p/>
<table width='100%' border='1' class='invocation-failed'>
<tr><td colspan='4' align='center'><b>FAILED TESTS</b></td></tr>
<tr><td><b>Test method</b></td>
<td><b>Attribute(s)</b></td>
<td width="30%"><b>Exception</b></td>
<td width="10%"><b>Time (seconds)</b></td>
<td><b>Instance</b></td>
</tr>
<tr>
<td title='tests.LoginTests.invalidPassword()'><b>invalidPassword</b><br>Test class: tests.LoginTests<br/>
<a href="#Output-1399225534" onClick='toggleBox("Output-1399225534", this, "Show output", "Hide output");'>Show output</a>

<a href="#Output-1399225534" onClick="toggleAllBoxes();">Show all outputs</a>
<div class='log' id="Output-1399225534">
Test started: invalidPassword at 2023-07-09-00-35-56
<br/>
<a href='Screenshot/iOS/2023-07-09-00-36-04/LoginTests/invalidPassword.png'> <img src='Screenshot/iOS/2023-07-09-00-36-04/LoginTests/invalidPassword.png' height='180' width='100'/> </a><br/>
Test failed at 2023-07-09-00-36-04
<br/>
expected [Username and password do not match any user in this service.bla] but found [Username and password do not match any user in this service.]<br/>
</div>
</td>
<td><div><pre>java.lang.AssertionError: expected [Username and password do not match any user in this service.bla] but found [Username and password do not match any user in this service.]
	at tests.LoginTests.invalidPassword(LoginTests.java:74)
	at java.base/java.util.ArrayList.forEach(ArrayList.java:1511)
	at com.intellij.rt.testng.IDEARemoteTestNG.run(IDEARemoteTestNG.java:66)
	at com.intellij.rt.testng.RemoteTestNGStarter.main(RemoteTestNGStarter.java:105)
... Removed 30 stack frames</pre></div><a href='#' onClick='toggleBox("stack-trace1399225534", this, "Click to show all stack frames", "Click to hide stack frames")'>Click to show all stack frames</a>
<div class='stack-trace' id='stack-trace1399225534'><pre>java.lang.AssertionError: expected [Username and password do not match any user in this service.bla] but found [Username and password do not match any user in this service.]
	at org.testng.Assert.fail(Assert.java:111)
	at org.testng.Assert.failNotEquals(Assert.java:1578)
	at org.testng.Assert.assertEqualsImpl(Assert.java:150)
	at org.testng.Assert.assertEquals(Assert.java:132)
	at org.testng.Assert.assertEquals(Assert.java:656)
	at org.testng.Assert.assertEquals(Assert.java:666)
	at tests.LoginTests.invalidPassword(LoginTests.java:74)
	at java.base/jdk.internal.reflect.NativeMethodAccessorImpl.invoke0(Native Method)
	at java.base/jdk.internal.reflect.NativeMethodAccessorImpl.invoke(NativeMethodAccessorImpl.java:64)
	at java.base/jdk.internal.reflect.DelegatingMethodAccessorImpl.invoke(DelegatingMethodAccessorImpl.java:43)
	at java.base/java.lang.reflect.Method.invoke(Method.java:564)
	at org.testng.internal.invokers.MethodInvocationHelper.invokeMethod(MethodInvocationHelper.java:139)
	at org.testng.internal.invokers.TestInvoker.invokeMethod(TestInvoker.java:664)
	at org.testng.internal.invokers.TestInvoker.invokeTestMethod(TestInvoker.java:227)
	at org.testng.internal.invokers.MethodRunner.runInSequence(MethodRunner.java:50)
	at org.testng.internal.invokers.TestInvoker$MethodInvocationAgent.invoke(TestInvoker.java:957)
	at org.testng.internal.invokers.TestInvoker.invokeTestMethods(TestInvoker.java:200)
	at org.testng.internal.invokers.TestMethodWorker.invokeTestMethods(TestMethodWorker.java:148)
	at org.testng.internal.invokers.TestMethodWorker.run(TestMethodWorker.java:128)
	at java.base/java.util.ArrayList.forEach(ArrayList.java:1511)
	at org.testng.TestRunner.privateRun(TestRunner.java:848)
	at org.testng.TestRunner.run(TestRunner.java:621)
	at org.testng.SuiteRunner.runTest(SuiteRunner.java:443)
	at org.testng.SuiteRunner.runSequentially(SuiteRunner.java:437)
	at org.testng.SuiteRunner.privateRun(SuiteRunner.java:397)
	at org.testng.SuiteRunner.run(SuiteRunner.java:336)
	at org.testng.SuiteRunnerWorker.runSuite(SuiteRunnerWorker.java:52)
	at org.testng.SuiteRunnerWorker.run(SuiteRunnerWorker.java:95)
	at org.testng.TestNG.runSuitesSequentially(TestNG.java:1280)
	at org.testng.TestNG.runSuitesLocally(TestNG.java:1200)
	at org.testng.TestNG.runSuites(TestNG.java:1114)
	at org.testng.TestNG.run(TestNG.java:1082)
	at com.intellij.rt.testng.IDEARemoteTestNG.run(IDEARemoteTestNG.java:66)
	at com.intellij.rt.testng.RemoteTestNGStarter.main(RemoteTestNGStarter.java:105)
</pre></div></td>
<td>8</td>
<td>tests.LoginTests@7a69b07</td></tr>
<tr>
<td title='tests.ProductTests.validateProductItem()'><b>validateProductItem</b><br>Test class: tests.ProductTests<br/>
<a href="#Output-1269826537" onClick='toggleBox("Output-1269826537", this, "Show output", "Hide output");'>Show output</a>

<a href="#Output-1269826537" onClick="toggleAllBoxes();">Show all outputs</a>
<div class='log' id="Output-1269826537">
Test started: validateProductItem at 2023-07-09-00-36-28
<br/>
<a href='Screenshot/iOS/2023-07-09-00-36-38/ProductTests/validateProductItem.png'> <img src='Screenshot/iOS/2023-07-09-00-36-38/ProductTests/validateProductItem.png' height='180' width='100'/> </a><br/>
Test failed at 2023-07-09-00-36-38
<br/>
The following asserts failed:
	expected [$29.99bla] but found [$29.99]<br/>
</div>
</td>
<td><div><pre>java.lang.AssertionError: The following asserts failed:
	expected [$29.99bla] but found [$29.99]
	at tests.ProductTests.validateProductItem(ProductTests.java:78)
	at java.base/java.util.ArrayList.forEach(ArrayList.java:1511)
	at com.intellij.rt.testng.IDEARemoteTestNG.run(IDEARemoteTestNG.java:66)
	at com.intellij.rt.testng.RemoteTestNGStarter.main(RemoteTestNGStarter.java:105)
... Removed 26 stack frames</pre></div><a href='#' onClick='toggleBox("stack-trace1269826537", this, "Click to show all stack frames", "Click to hide stack frames")'>Click to show all stack frames</a>
<div class='stack-trace' id='stack-trace1269826537'><pre>java.lang.AssertionError: The following asserts failed:
	expected [$29.99bla] but found [$29.99]
	at org.testng.asserts.SoftAssert.assertAll(SoftAssert.java:46)
	at org.testng.asserts.SoftAssert.assertAll(SoftAssert.java:30)
	at tests.ProductTests.validateProductItem(ProductTests.java:78)
	at java.base/jdk.internal.reflect.NativeMethodAccessorImpl.invoke0(Native Method)
	at java.base/jdk.internal.reflect.NativeMethodAccessorImpl.invoke(NativeMethodAccessorImpl.java:64)
	at java.base/jdk.internal.reflect.DelegatingMethodAccessorImpl.invoke(DelegatingMethodAccessorImpl.java:43)
	at java.base/java.lang.reflect.Method.invoke(Method.java:564)
	at org.testng.internal.invokers.MethodInvocationHelper.invokeMethod(MethodInvocationHelper.java:139)
	at org.testng.internal.invokers.TestInvoker.invokeMethod(TestInvoker.java:664)
	at org.testng.internal.invokers.TestInvoker.invokeTestMethod(TestInvoker.java:227)
	at org.testng.internal.invokers.MethodRunner.runInSequence(MethodRunner.java:50)
	at org.testng.internal.invokers.TestInvoker$MethodInvocationAgent.invoke(TestInvoker.java:957)
	at org.testng.internal.invokers.TestInvoker.invokeTestMethods(TestInvoker.java:200)
	at org.testng.internal.invokers.TestMethodWorker.invokeTestMethods(TestMethodWorker.java:148)
	at org.testng.internal.invokers.TestMethodWorker.run(TestMethodWorker.java:128)
	at java.base/java.util.ArrayList.forEach(ArrayList.java:1511)
	at org.testng.TestRunner.privateRun(TestRunner.java:848)
	at org.testng.TestRunner.run(TestRunner.java:621)
	at org.testng.SuiteRunner.runTest(SuiteRunner.java:443)
	at org.testng.SuiteRunner.runSequentially(SuiteRunner.java:437)
	at org.testng.SuiteRunner.privateRun(SuiteRunner.java:397)
	at org.testng.SuiteRunner.run(SuiteRunner.java:336)
	at org.testng.SuiteRunnerWorker.runSuite(SuiteRunnerWorker.java:52)
	at org.testng.SuiteRunnerWorker.run(SuiteRunnerWorker.java:95)
	at org.testng.TestNG.runSuitesSequentially(TestNG.java:1280)
	at org.testng.TestNG.runSuitesLocally(TestNG.java:1200)
	at org.testng.TestNG.runSuites(TestNG.java:1114)
	at org.testng.TestNG.run(TestNG.java:1082)
	at com.intellij.rt.testng.IDEARemoteTestNG.run(IDEARemoteTestNG.java:66)
	at com.intellij.rt.testng.RemoteTestNGStarter.main(RemoteTestNGStarter.java:105)
</pre></div></td>
<td>9</td>
<td>tests.ProductTests@15c43bd9</td></tr>
</table><p>
<table width='100%' border='1' class='invocation-passed'>
<tr><td colspan='4' align='center'><b>PASSED TESTS</b></td></tr>
<tr><td><b>Test method</b></td>
<td><b>Attribute(s)</b></td>
<td width="30%"><b>Exception</b></td>
<td width="10%"><b>Time (seconds)</b></td>
<td><b>Instance</b></td>
</tr>
<tr>
<td title='tests.LoginTests.invalidUsername()'><b>invalidUsername</b><br>Test class: tests.LoginTests<br/>
<a href="#Output-767393855" onClick='toggleBox("Output-767393855", this, "Show output", "Hide output");'>Show output</a>

<a href="#Output-767393855" onClick="toggleAllBoxes();">Show all outputs</a>
<div class='log' id="Output-767393855">
Test started: invalidUsername at 2023-07-09-00-36-05
<br/>
</div>
</td>
<td></td>
<td>7</td>
<td>tests.LoginTests@7a69b07</td></tr>
<tr>
<td title='tests.ProductTests.validateProductItemDetails()'><b>validateProductItemDetails</b><br>Test class: tests.ProductTests<br/>
<a href="#Output-1610155589" onClick='toggleBox("Output-1610155589", this, "Show output", "Hide output");'>Show output</a>

<a href="#Output-1610155589" onClick="toggleAllBoxes();">Show all outputs</a>
<div class='log' id="Output-1610155589">
Test started: validateProductItemDetails at 2023-07-09-00-36-41
<br/>
</div>
</td>
<td></td>
<td>12</td>
<td>tests.ProductTests@15c43bd9</td></tr>
<tr>
<td title='tests.LoginTests.successfulLogin()'><b>successfulLogin</b><br>Test class: tests.LoginTests<br/>
<a href="#Output-1245439653" onClick='toggleBox("Output-1245439653", this, "Show output", "Hide output");'>Show output</a>

<a href="#Output-1245439653" onClick="toggleAllBoxes();">Show all outputs</a>
<div class='log' id="Output-1245439653">
Test started: successfulLogin at 2023-07-09-00-36-13
<br/>
</div>
</td>
<td></td>
<td>11</td>
<td>tests.LoginTests@7a69b07</td></tr>
</table><p>
</body>
</html>