<?xml version="1.0" encoding="UTF-8"?>
<!-- Generated by org.testng.reporters.JUnitXMLReporter -->
<testsuite ignored="2" hostname="phaet.local" failures="2" tests="5" name="Tests" time="65.38" errors="0" timestamp="2023-07-09T00:36:56 KRAT">
  <testcase classname="tests.LoginTests" name="invalidPassword" time="8.355">
    <failure type="java.lang.AssertionError" message="expected [Username and password do not match any user in this service.bla] but found [Username and password do not match any user in this service.]">
      <![CDATA[java.lang.AssertionError: expected [Username and password do not match any user in this service.bla] but found [Username and password do not match any user in this service.]
at tests.LoginTests.invalidPassword(LoginTests.java:74)
at java.base/java.util.ArrayList.forEach(ArrayList.java:1511)
at com.intellij.rt.testng.IDEARemoteTestNG.run(IDEARemoteTestNG.java:66)
at com.intellij.rt.testng.RemoteTestNGStarter.main(RemoteTestNGStarter.java:105)
... Removed 30 stack frames]]>
    </failure>
  </testcase> <!-- invalidPassword -->
  <testcase classname="tests.LoginTests" name="invalidUsername" time="7.994"/>
  <testcase classname="tests.LoginTests" name="successfulLogin" time="11.829"/>
  <testcase classname="tests.ProductTests" name="validateProductItem" time="9.87">
    <failure type="java.lang.AssertionError" message="The following asserts failed:
	expected [$29.99bla] but found [$29.99]">
      <![CDATA[java.lang.AssertionError: The following asserts failed:
expected [$29.99bla] but found [$29.99]
at tests.ProductTests.validateProductItem(ProductTests.java:78)
at java.base/java.util.ArrayList.forEach(ArrayList.java:1511)
at com.intellij.rt.testng.IDEARemoteTestNG.run(IDEARemoteTestNG.java:66)
at com.intellij.rt.testng.RemoteTestNGStarter.main(RemoteTestNGStarter.java:105)
... Removed 26 stack frames]]>
    </failure>
  </testcase> <!-- validateProductItem -->
  <testcase classname="tests.ProductTests" name="validateProductItemDetails" time="12.932"/>
  <testcase classname="qa.Base" name="@AfterTest tearDown" time="0.0">
    <ignored/>
  </testcase> <!-- @AfterTest tearDown -->
  <testcase classname="qa.Base" name="@BeforeTest setUp" time="0.0">
    <ignored/>
  </testcase> <!-- @BeforeTest setUp -->
</testsuite> <!-- Tests -->
